[debug] [2018-03-20T16:51:16.909Z] ----------------------------------------------------------------------
[debug] [2018-03-20T16:51:16.912Z] Command:       /usr/bin/node /usr/local/bin/firebase init
[debug] [2018-03-20T16:51:16.913Z] CLI Version:   3.17.6
[debug] [2018-03-20T16:51:16.913Z] Platform:      linux
[debug] [2018-03-20T16:51:16.913Z] Node Version:  v6.13.1
[debug] [2018-03-20T16:51:16.913Z] Time:          Tue Mar 20 2018 22:21:16 GMT+0530 (IST)
[debug] [2018-03-20T16:51:16.913Z] ----------------------------------------------------------------------
[debug] 
[debug] [2018-03-20T16:51:16.925Z] > command requires scopes: ["email","openid","https://www.googleapis.com/auth/cloudplatformprojects.readonly","https://www.googleapis.com/auth/firebase"]
[debug] [2018-03-20T16:51:16.926Z] > authorizing via signed-in user
[info] 
     ######## #### ########  ######## ########     ###     ######  ########
     ##        ##  ##     ## ##       ##     ##  ##   ##  ##       ##
     ######    ##  ########  ######   ########  #########  ######  ######
     ##        ##  ##    ##  ##       ##     ## ##     ##       ## ##
     ##       #### ##     ## ######## ########  ##     ##  ######  ########

You're about to initialize a Firebase project in this directory:

  /home/abhishek/Desktop/new/FarmerChain-master

[info] 
=== Project Setup
[info] 
[info] First, let's associate this project directory with a Firebase project.
[info] You can create multiple project aliases by running firebase use --add, 
[info] but for now we'll just set up a default project.
[info] 
[debug] [2018-03-20T16:52:02.104Z] >>> HTTP REQUEST GET https://admin.firebase.com/v1/projects  
  
 Tue Mar 20 2018 22:22:02 GMT+0530 (IST)
[debug] [2018-03-20T16:52:03.951Z] Error: read ECONNRESET
    at exports._errnoException (util.js:1020:11)
    at TLSWrap.onread (net.js:580:26)
[error] 
[error] Error: Server Error. read ECONNRESET
